<?xml version="1.0" encoding="UTF-8"?>
<!-- Generated by org.testng.reporters.JUnitReportReporter -->
<testsuite hostname="prak_daks_nila" failures="0" tests="2" name="com.training.testcases.UsermenuTest" time="17.441" errors="0" timestamp="2024-12-15T08:50:18 GMT-08:00" skipped="0">
  <testcase classname="com.training.testcases.UsermenuTest" name="T6SelectMyProfileoptionfromusermenu" time="13.127"/>
  <testcase classname="com.training.testcases.UsermenuTest" name="T6usermenudropdown" time="4.314"/>
</testsuite> <!-- com.training.testcases.UsermenuTest -->
