<?xml version="1.0" encoding="UTF-8"?>
<!-- Generated by org.testng.reporters.JUnitReportReporter -->
<testsuite hostname="prak_daks_nila" failures="0" tests="1" name="com.training.testcases.HomeTest" time="10.963" errors="0" timestamp="2024-12-13T01:11:28 GMT-08:00" skipped="0">
  <testcase classname="com.training.testcases.HomeTest" name="T6SelectMyProfileoptionfromusermenu" time="10.963"/>
</testsuite> <!-- com.training.testcases.HomeTest -->
